<?xml version="1.0" encoding="UTF-8"?>
<!-- Generated by org.testng.reporters.JUnitReportReporter -->
<testsuite hostname="LAPTOP-03NGPKIU" failures="0" tests="1" name="runner.TestRunner" time="31.467" errors="0" timestamp="2022-09-20T23:48:07 EDT" skipped="0">
  <testcase classname="runner.TestRunner" name="runScenario" time="31.467"/>
  <system-out/>
</testsuite> <!-- runner.TestRunner -->
